<?xml version="1.0" encoding="UTF-8"?>
<!-- Generated by org.testng.reporters.JUnitXMLReporter -->
<testsuite hostname="ITEM-S76291" ignored="0" name="UITest" tests="6" failures="2" timestamp="2020-06-17T18:03:12 SGT" time="668.734" errors="0">
  <testcase name="runScenario" time="76.339" classname="testRunner.TestRunner">
    <failure type="java.lang.AssertionError" message="Expected warning message: &amp;apos;Visit Smart Advisor on the SME Portal for more information on other government assistance.&amp;apos; is not displayed. did not expect to find [true] but found [false]">
      <![CDATA[java.lang.AssertionError: Expected warning message: 'Visit Smart Advisor on the SME Portal for more information on other government assistance.' is not displayed. did not expect to find [true] but found [false]
at pageObjects.MyGrantsPage.ensureWarnMsgVisitSmartAdvisor(MyGrantsPage.java:362)
at stepDefinitions.GetNewGrantSteps.ensure_warning_message_is_displayed_on_selecting_No_for_any_of_the_questions(GetNewGrantSteps.java:54)
at ✽.Ensure visit smart advisor warning message is displayed on selecting No for any of the questions(src/test/resources/features/GetNewGrant.feature:13)
... Removed 3 stack frames]]>
    </failure>
  </testcase> <!-- runScenario -->
  <testcase name="runScenario" time="95.208" classname="testRunner.TestRunner"/>
  <testcase name="runScenario" time="100.856" classname="testRunner.TestRunner"/>
  <testcase name="runScenario" time="164.253" classname="testRunner.TestRunner"/>
  <testcase name="runScenario" time="65.36" classname="testRunner.TestRunner"/>
  <testcase name="runScenario" time="165.184" classname="testRunner.TestRunner">
    <failure type="org.openqa.selenium.InvalidElementStateException" message="invalid element state
  (Session info: chrome=83.0.4103.106)
Build info: version: &amp;apos;4.0.0-alpha-3&amp;apos;, revision: &amp;apos;8c567de6dc&amp;apos;
System info: host: &amp;apos;ITEM-S76291&amp;apos;, ip: &amp;apos;10.206.0.131&amp;apos;, os.name: &amp;apos;Windows 10&amp;apos;, os.arch: &amp;apos;amd64&amp;apos;, os.version: &amp;apos;10.0&amp;apos;, java.version: &amp;apos;1.8.0_241&amp;apos;
Driver info: org.openqa.selenium.chrome.ChromeDriver
Capabilities {acceptInsecureCerts: false, browserName: chrome, browserVersion: 83.0.4103.106, chrome: {chromedriverVersion: 83.0.4103.39 (ccbf011cb2d2b..., userDataDir: C:\Users\KKANIK~1\AppData\L...}, goog:chromeOptions: {debuggerAddress: localhost:60029}, javascriptEnabled: true, networkConnectionEnabled: false, pageLoadStrategy: normal, platform: WINDOWS, platformName: WINDOWS, proxy: Proxy(), setWindowRect: true, strictFileInteractability: false, timeouts: {implicit: 0, pageLoad: 300000, script: 30000}, unhandledPromptBehavior: dismiss and notify, webauthn:virtualAuthenticators: true}
Session ID: e676e21f7df4bf7be2c767ef7bb69b62">
      <![CDATA[org.openqa.selenium.InvalidElementStateException: invalid element state
  (Session info: chrome=83.0.4103.106)
Build info: version: '4.0.0-alpha-3', revision: '8c567de6dc'
System info: host: 'ITEM-S76291', ip: '10.206.0.131', os.name: 'Windows 10', os.arch: 'amd64', os.version: '10.0', java.version: '1.8.0_241'
Driver info: org.openqa.selenium.chrome.ChromeDriver
Capabilities {acceptInsecureCerts: false, browserName: chrome, browserVersion: 83.0.4103.106, chrome: {chromedriverVersion: 83.0.4103.39 (ccbf011cb2d2b..., userDataDir: C:\Users\KKANIK~1\AppData\L...}, goog:chromeOptions: {debuggerAddress: localhost:60029}, javascriptEnabled: true, networkConnectionEnabled: false, pageLoadStrategy: normal, platform: WINDOWS, platformName: WINDOWS, proxy: Proxy(), setWindowRect: true, strictFileInteractability: false, timeouts: {implicit: 0, pageLoad: 300000, script: 30000}, unhandledPromptBehavior: dismiss and notify, webauthn:virtualAuthenticators: true}
Session ID: e676e21f7df4bf7be2c767ef7bb69b62
at org.openqa.selenium.remote.codec.w3c.W3CHttpResponseCodec.createException(W3CHttpResponseCodec.java:191)
at org.openqa.selenium.remote.codec.w3c.W3CHttpResponseCodec.decode(W3CHttpResponseCodec.java:125)
at org.openqa.selenium.remote.codec.w3c.W3CHttpResponseCodec.decode(W3CHttpResponseCodec.java:52)
at org.openqa.selenium.remote.HttpCommandExecutor.execute(HttpCommandExecutor.java:161)
at org.openqa.selenium.remote.service.DriverCommandExecutor.execute(DriverCommandExecutor.java:83)
at org.openqa.selenium.remote.RemoteWebDriver.execute(RemoteWebDriver.java:576)
at org.openqa.selenium.remote.RemoteWebElement.execute(RemoteWebElement.java:308)
at org.openqa.selenium.remote.RemoteWebElement.clear(RemoteWebElement.java:126)
at org.openqa.selenium.support.pagefactory.internal.LocatingElementHandler.invoke(LocatingElementHandler.java:52)
at com.sun.proxy.$Proxy16.clear(Unknown Source)
at utilities.ElementFactory.enterTextBox(ElementFactory.java:45)
at pageObjects.MyGrantsPage.selectActivityTargetMarket(MyGrantsPage.java:454)
at stepDefinitions.GetNewGrantSteps.select_Activity_and_Target_market(GetNewGrantSteps.java:155)
at ✽.Select Activity "FTA Consultancy" and Target market "India"(src/test/resources/features/GetNewGrant.feature:85)
... Removed 7 stack frames]]>
    </failure>
  </testcase> <!-- runScenario -->
</testsuite> <!-- UITest -->
